<?xml version="1.0" encoding="UTF-8"?>
<testsuite name="de.uniwue.jpp.testing.TestSimpleDayManager" tests="1" skipped="0" failures="0" errors="0" timestamp="2024-04-05T03:44:59" hostname="ASUS_LUKAS" time="0.067">
  <properties/>
  <testcase name="testToString()" classname="de.uniwue.jpp.testing.TestSimpleDayManager" time="0.067"/>
  <system-out><![CDATA[]]></system-out>
  <system-err><![CDATA[]]></system-err>
</testsuite>
